# JRE version: OpenJDK Runtime Environment Temurin-17.0.7+7 (17.0.7+7) (build 17.0.7+7)
# Java VM: OpenJDK 64-Bit Server VM Temurin-17.0.7+7 (17.0.7+7, mixed mode, tiered, compressed oops, compressed class ptrs, g1 gc, windows-amd64)
GC Precious Log:
 CPUs: 2 total, 2 available
 Memory: 3691M
 Large Page Support: Disabled
 NUMA Support: Disabled
 Compressed Oops: Enabled (32-bit)
 Heap Region Size: 1M
 Heap Min Capacity: 8M
 Heap Initial Capacity: 58M
 Heap Max Capacity: 924M
 Pre-touch: Disabled
 Parallel Workers: 2
 Concurrent Workers: 1
 Concurrent Refinement Workers: 2
 Periodic GC: Disabled
Heap:
 garbage-first heap   total 40960K, used 22735K [0x00000000c6400000, 0x0000000100000000)
  region size 1024K, 13 young (13312K), 2 survivors (2048K)
 Metaspace       used 31920K, committed 32320K, reserved 1114112K
  class space    used 3519K, committed 3712K, reserved 1048576K
GC Heap History (16 events):
Event: 30.864 GC heap before
{Heap before GC invocations=0 (full 0):
 garbage-first heap   total 59392K, used 6144K [0x00000000c6400000, 0x0000000100000000)
  region size 1024K, 6 young (6144K), 0 survivors (0K)
 Metaspace       used 7368K, committed 7552K, reserved 1114112K
  class space    used 628K, committed 704K, reserved 1048576K
}
Event: 30.891 GC heap after
{Heap after GC invocations=1 (full 0):
 garbage-first heap   total 59392K, used 3159K [0x00000000c6400000, 0x0000000100000000)
  region size 1024K, 1 young (1024K), 1 survivors (1024K)
 Metaspace       used 7368K, committed 7552K, reserved 1114112K
  class space    used 628K, committed 704K, reserved 1048576K
}
Event: 44.686 GC heap before
{Heap before GC invocations=1 (full 0):
 garbage-first heap   total 59392K, used 6231K [0x00000000c6400000, 0x0000000100000000)
  region size 1024K, 4 young (4096K), 1 survivors (1024K)
 Metaspace       used 7548K, committed 7680K, reserved 1114112K
  class space    used 643K, committed 704K, reserved 1048576K
}
Event: 44.697 GC heap after
{Heap after GC invocations=2 (full 0):
 garbage-first heap   total 59392K, used 5746K [0x00000000c6400000, 0x0000000100000000)
  region size 1024K, 1 young (1024K), 1 survivors (1024K)
 Metaspace       used 7548K, committed 7680K, reserved 1114112K
  class space    used 643K, committed 704K, reserved 1048576K
}
Event: 47.806 GC heap before
{Heap before GC invocations=2 (full 0):
 garbage-first heap   total 59392K, used 11890K [0x00000000c6400000, 0x0000000100000000)
  region size 1024K, 7 young (7168K), 1 survivors (1024K)
 Metaspace       used 12597K, committed 12800K, reserved 1114112K
  class space    used 1187K, committed 1280K, reserved 1048576K
}
Event: 47.818 GC heap after
{Heap after GC invocations=3 (full 0):
 garbage-first heap   total 59392K, used 6844K [0x00000000c6400000, 0x0000000100000000)
  region size 1024K, 1 young (1024K), 1 survivors (1024K)
 Metaspace       used 12597K, committed 12800K, reserved 1114112K
  class space    used 1187K, committed 1280K, reserved 1048576K
}
Event: 52.507 GC heap before
{Heap before GC invocations=3 (full 0):
 garbage-first heap   total 59392K, used 18108K [0x00000000c6400000, 0x0000000100000000)
  region size 1024K, 13 young (13312K), 1 survivors (1024K)
 Metaspace       used 16188K, committed 16448K, reserved 1114112K
  class space    used 1577K, committed 1728K, reserved 1048576K
}
Event: 52.534 GC heap after
{Heap after GC invocations=4 (full 0):
 garbage-first heap   total 59392K, used 8141K [0x00000000c6400000, 0x0000000100000000)
  region size 1024K, 2 young (2048K), 2 survivors (2048K)
 Metaspace       used 16188K, committed 16448K, reserved 1114112K
  class space    used 1577K, committed 1728K, reserved 1048576K
}
Event: 57.388 GC heap before
{Heap before GC invocations=4 (full 0):
 garbage-first heap   total 59392K, used 37837K [0x00000000c6400000, 0x0000000100000000)
  region size 1024K, 31 young (31744K), 2 survivors (2048K)
 Metaspace       used 20477K, committed 20672K, reserved 1114112K
  class space    used 2087K, committed 2176K, reserved 1048576K
}
Event: 57.423 GC heap after
{Heap after GC invocations=5 (full 0):
 garbage-first heap   total 59392K, used 9488K [0x00000000c6400000, 0x0000000100000000)
  region size 1024K, 4 young (4096K), 4 survivors (4096K)
 Metaspace       used 20477K, committed 20672K, reserved 1114112K
  class space    used 2087K, committed 2176K, reserved 1048576K
}
Event: 59.069 GC heap before
{Heap before GC invocations=5 (full 0):
 garbage-first heap   total 59392K, used 37136K [0x00000000c6400000, 0x0000000100000000)
  region size 1024K, 32 young (32768K), 4 survivors (4096K)
 Metaspace       used 21348K, committed 21504K, reserved 1114112K
  class space    used 2204K, committed 2304K, reserved 1048576K
}
Event: 59.106 GC heap after
{Heap after GC invocations=6 (full 0):
 garbage-first heap   total 59392K, used 10765K [0x00000000c6400000, 0x0000000100000000)
  region size 1024K, 3 young (3072K), 3 survivors (3072K)
 Metaspace       used 21348K, committed 21504K, reserved 1114112K
  class space    used 2204K, committed 2304K, reserved 1048576K
}
Event: 65.529 GC heap before
{Heap before GC invocations=7 (full 0):
 garbage-first heap   total 40960K, used 32269K [0x00000000c6400000, 0x0000000100000000)
  region size 1024K, 25 young (25600K), 3 survivors (3072K)
 Metaspace       used 23915K, committed 24192K, reserved 1114112K
  class space    used 2494K, committed 2624K, reserved 1048576K
}
Event: 65.557 GC heap after
{Heap after GC invocations=8 (full 0):
 garbage-first heap   total 40960K, used 11178K [0x00000000c6400000, 0x0000000100000000)
  region size 1024K, 3 young (3072K), 3 survivors (3072K)
 Metaspace       used 23915K, committed 24192K, reserved 1114112K
  class space    used 2494K, committed 2624K, reserved 1048576K
}
Event: 89.433 GC heap before
{Heap before GC invocations=8 (full 0):
 garbage-first heap   total 40960K, used 30634K [0x00000000c6400000, 0x0000000100000000)
  region size 1024K, 22 young (22528K), 3 survivors (3072K)
 Metaspace       used 28680K, committed 28992K, reserved 1114112K
  class space    used 3142K, committed 3264K, reserved 1048576K
}
Event: 89.467 GC heap after
{Heap after GC invocations=9 (full 0):
 garbage-first heap   total 40960K, used 12495K [0x00000000c6400000, 0x0000000100000000)
  region size 1024K, 2 young (2048K), 2 survivors (2048K)
 Metaspace       used 28680K, committed 28992K, reserved 1114112K
  class space    used 3142K, committed 3264K, reserved 1048576K
}

