<?xml version="1.0" encoding="UTF-8"?>
<!-- Generated by org.testng.reporters.JUnitXMLReporter -->
<testsuite ignored="0" hostname="DESKTOP-57ATOU9" failures="0" tests="6" name="Default test" time="110.704" errors="0" timestamp="2023-10-05T20:50:37 IST">
  <testcase classname="page.LoginCheck" name="login_check" time="45.532"/>
  <testcase classname="tests.ProductCheck" name="loginuser" time="2.524"/>
  <testcase classname="tests.ProductCheck" name="productcheck" time="2.549"/>
  <testcase classname="tests.BuyProduct" name="buyitems" time="12.398"/>
  <testcase classname="tests.RemoveProduct" name="removeitems" time="9.483"/>
  <testcase classname="tests.CheckOut" name="payment" time="10.187"/>
</testsuite> <!-- Default test -->
